0 verbose cli [ '/usr/bin/node', '/usr/bin/npm', 'install' ]
1 info using npm@8.5.1
2 info using node@v12.22.9
3 timing npm:load:whichnode Completed in 1ms
4 timing config:load:defaults Completed in 2ms
5 timing config:load:file:/usr/share/nodejs/npm/npmrc Completed in 18ms
6 timing config:load:builtin Completed in 18ms
7 timing config:load:cli Completed in 2ms
8 timing config:load:env Completed in 1ms
9 timing config:load:file:/var/lib/jenkins/workspace/node_todo/.npmrc Completed in 0ms
10 timing config:load:project Completed in 2ms
11 timing config:load:file:/home/ubuntu/.npmrc Completed in 0ms
12 timing config:load:user Completed in 0ms
13 timing config:load:file:/etc/npmrc Completed in 1ms
14 timing config:load:global Completed in 1ms
15 timing config:load:validate Completed in 0ms
16 timing config:load:credentials Completed in 2ms
17 timing config:load:setEnvs Completed in 1ms
18 timing config:load Completed in 29ms
19 timing npm:load:configload Completed in 29ms
20 timing npm:load:setTitle Completed in 1ms
21 timing config:load:flatten Completed in 4ms
22 timing npm:load:display Completed in 7ms
23 verbose logfile /home/ubuntu/.npm/_logs/2023-02-09T13_17_12_888Z-debug-0.log
24 timing npm:load:logFile Completed in 9ms
25 timing npm:load:timers Completed in 0ms
26 timing npm:load:configScope Completed in 0ms
27 timing npm:load Completed in 47ms
28 timing arborist:ctor Completed in 2ms
29 timing idealTree:init Completed in 388ms
30 timing idealTree:userRequests Completed in 1ms
31 silly idealTree buildDeps
32 timing idealTree:#root Completed in 0ms
33 timing idealTree:buildDeps Completed in 2ms
34 timing idealTree:fixDepFlags Completed in 0ms
35 timing idealTree Completed in 399ms
36 timing reify:loadTrees Completed in 404ms
37 timing reify:diffTrees Completed in 11ms
38 silly reify moves {}
39 timing reify:retireShallow Completed in 1ms
40 timing reify:rollback:createSparse Completed in 0ms
41 timing reify:rollback:retireShallow Completed in 0ms
42 timing command:install Completed in 516ms
43 verbose stack Error: EACCES: permission denied, mkdir '/var/lib/jenkins/workspace/node_todo/node_modules'
44 verbose cwd /var/lib/jenkins/workspace/node_todo
45 verbose Linux 5.15.0-1028-aws
46 verbose argv "/usr/bin/node" "/usr/bin/npm" "install"
47 verbose node v12.22.9
48 verbose npm  v8.5.1
49 error code EACCES
50 error syscall mkdir
51 error path /var/lib/jenkins/workspace/node_todo/node_modules
52 error errno -13
53 error [Error: EACCES: permission denied, mkdir '/var/lib/jenkins/workspace/node_todo/node_modules'] {
53 error   errno: -13,
53 error   code: 'EACCES',
53 error   syscall: 'mkdir',
53 error   path: '/var/lib/jenkins/workspace/node_todo/node_modules'
53 error }
54 error
54 error The operation was rejected by your operating system.
54 error It is likely you do not have the permissions to access this file as the current user
54 error
54 error If you believe this might be a permissions issue, please double-check the
54 error permissions of the file and its containing directories, or try running
54 error the command again as root/Administrator.
55 verbose exit -13
56 timing npm Completed in 1090ms
57 verbose unfinished npm timer reify 1675948633458
58 verbose unfinished npm timer reify:createSparse 1675948633892
59 verbose code -13
60 error A complete log of this run can be found in:
60 error     /home/ubuntu/.npm/_logs/2023-02-09T13_17_12_888Z-debug-0.log
